{"D:\\projects\\my-vue\\src\\practice\\flatten\\flatten-1126.ts": {"path":"D:\\projects\\my-vue\\src\\practice\\flatten\\flatten-1126.ts","statementMap":{"0":{"start":{"line":1,"column":22},"end":{"line":22,"column":1}},"1":{"start":{"line":2,"column":22},"end":{"line":2,"column":24}},"2":{"start":{"line":3,"column":16},"end":{"line":3,"column":18}},"3":{"start":{"line":5,"column":18},"end":{"line":18,"column":3}},"4":{"start":{"line":6,"column":4},"end":{"line":17,"column":5}},"5":{"start":{"line":7,"column":20},"end":{"line":7,"column":31}},"6":{"start":{"line":8,"column":17},"end":{"line":8,"column":30}},"7":{"start":{"line":9,"column":6},"end":{"line":16,"column":7}},"8":{"start":{"line":11,"column":8},"end":{"line":11,"column":null}},"9":{"start":{"line":14,"column":8},"end":{"line":14,"column":null}},"10":{"start":{"line":15,"column":8},"end":{"line":15,"column":null}},"11":{"start":{"line":19,"column":2},"end":{"line":19,"column":null}},"12":{"start":{"line":20,"column":2},"end":{"line":20,"column":null}},"13":{"start":{"line":21,"column":2},"end":{"line":21,"column":null}},"14":{"start":{"line":25,"column":2},"end":{"line":25,"column":15}}},"fnMap":{"0":{"name":"(anonymous_0)","decl":{"start":{"line":1,"column":22},"end":{"line":1,"column":23}},"loc":{"start":{"line":1,"column":35},"end":{"line":22,"column":1}}},"1":{"name":"(anonymous_1)","decl":{"start":{"line":5,"column":18},"end":{"line":5,"column":19}},"loc":{"start":{"line":5,"column":34},"end":{"line":18,"column":3}}}},"branchMap":{"0":{"loc":{"start":{"line":9,"column":6},"end":{"line":16,"column":7}},"type":"if","locations":[{"start":{"line":9,"column":6},"end":{"line":16,"column":7}},{"start":{"line":13,"column":13},"end":{"line":16,"column":7}}]}},"s":{"0":1,"1":1,"2":1,"3":1,"4":3,"5":7,"6":7,"7":7,"8":5,"9":2,"10":2,"11":1,"12":1,"13":1,"14":1},"f":{"0":1,"1":3},"b":{"0":[5,2]}}
,"D:\\projects\\my-vue\\src\\practice\\flatten\\flatten.ts": {"path":"D:\\projects\\my-vue\\src\\practice\\flatten\\flatten.ts","statementMap":{"0":{"start":{"line":40,"column":2},"end":{"line":40,"column":14}},"1":{"start":{"line":2,"column":24},"end":{"line":2,"column":26}},"2":{"start":{"line":4,"column":18},"end":{"line":12,"column":3}},"3":{"start":{"line":5,"column":4},"end":{"line":11,"column":5}},"4":{"start":{"line":6,"column":6},"end":{"line":10,"column":7}},"5":{"start":{"line":7,"column":8},"end":{"line":7,"column":22}},"6":{"start":{"line":9,"column":8},"end":{"line":9,"column":26}},"7":{"start":{"line":14,"column":2},"end":{"line":14,"column":15}},"8":{"start":{"line":15,"column":2},"end":{"line":15,"column":16}},"9":{"start":{"line":18,"column":22},"end":{"line":36,"column":1}},"10":{"start":{"line":19,"column":22},"end":{"line":19,"column":24}},"11":{"start":{"line":21,"column":18},"end":{"line":32,"column":3}},"12":{"start":{"line":22,"column":4},"end":{"line":31,"column":5}},"13":{"start":{"line":23,"column":6},"end":{"line":30,"column":7}},"14":{"start":{"line":24,"column":22},"end":{"line":24,"column":32}},"15":{"start":{"line":25,"column":8},"end":{"line":29,"column":9}},"16":{"start":{"line":26,"column":10},"end":{"line":26,"column":45}},"17":{"start":{"line":28,"column":10},"end":{"line":28,"column":44}},"18":{"start":{"line":34,"column":2},"end":{"line":34,"column":15}},"19":{"start":{"line":35,"column":2},"end":{"line":35,"column":16}},"20":{"start":{"line":41,"column":2},"end":{"line":41,"column":15}}},"fnMap":{"0":{"name":"flattenArray","decl":{"start":{"line":1,"column":9},"end":{"line":1,"column":21}},"loc":{"start":{"line":1,"column":32},"end":{"line":16,"column":1}}},"1":{"name":"(anonymous_1)","decl":{"start":{"line":4,"column":18},"end":{"line":4,"column":19}},"loc":{"start":{"line":4,"column":35},"end":{"line":12,"column":3}}},"2":{"name":"(anonymous_2)","decl":{"start":{"line":18,"column":22},"end":{"line":18,"column":23}},"loc":{"start":{"line":18,"column":40},"end":{"line":36,"column":1}}},"3":{"name":"(anonymous_3)","decl":{"start":{"line":21,"column":18},"end":{"line":21,"column":19}},"loc":{"start":{"line":21,"column":46},"end":{"line":32,"column":3}}}},"branchMap":{"0":{"loc":{"start":{"line":6,"column":6},"end":{"line":10,"column":7}},"type":"if","locations":[{"start":{"line":6,"column":6},"end":{"line":10,"column":7}},{"start":{"line":8,"column":13},"end":{"line":10,"column":7}}]},"1":{"loc":{"start":{"line":21,"column":31},"end":{"line":21,"column":42}},"type":"default-arg","locations":[{"start":{"line":21,"column":40},"end":{"line":21,"column":42}}]},"2":{"loc":{"start":{"line":23,"column":6},"end":{"line":30,"column":7}},"type":"if","locations":[{"start":{"line":23,"column":6},"end":{"line":30,"column":7}}]},"3":{"loc":{"start":{"line":25,"column":8},"end":{"line":29,"column":9}},"type":"if","locations":[{"start":{"line":25,"column":8},"end":{"line":29,"column":9}},{"start":{"line":27,"column":15},"end":{"line":29,"column":9}}]},"4":{"loc":{"start":{"line":25,"column":12},"end":{"line":25,"column":71}},"type":"binary-expr","locations":[{"start":{"line":25,"column":12},"end":{"line":25,"column":17}},{"start":{"line":25,"column":21},"end":{"line":25,"column":46}},{"start":{"line":25,"column":50},"end":{"line":25,"column":71}}]}},"s":{"0":1,"1":0,"2":0,"3":0,"4":0,"5":0,"6":0,"7":0,"8":0,"9":1,"10":0,"11":0,"12":0,"13":0,"14":0,"15":0,"16":0,"17":0,"18":0,"19":0,"20":1},"f":{"0":0,"1":0,"2":0,"3":0},"b":{"0":[0,0],"1":[0],"2":[0],"3":[0,0],"4":[0,0,0]}}
}
